[debug] [2023-01-26T10:30:00.697Z] ----------------------------------------------------------------------
[debug] [2023-01-26T10:30:00.699Z] Command:       C:\Program Files\nodejs\node.exe C:\Users\faho_\AppData\Roaming\npm\node_modules\firebase-tools\lib\bin\firebase.js init
[debug] [2023-01-26T10:30:00.699Z] CLI Version:   11.21.0
[debug] [2023-01-26T10:30:00.700Z] Platform:      win32
[debug] [2023-01-26T10:30:00.700Z] Node Version:  v18.13.0
[debug] [2023-01-26T10:30:00.701Z] Time:          Thu Jan 26 2023 11:30:00 GMT+0100 (GMT+01:00)
[debug] [2023-01-26T10:30:00.701Z] ----------------------------------------------------------------------
[debug] 
[debug] [2023-01-26T10:30:00.708Z] > command requires scopes: ["email","openid","https://www.googleapis.com/auth/cloudplatformprojects.readonly","https://www.googleapis.com/auth/firebase","https://www.googleapis.com/auth/cloud-platform"]
[debug] [2023-01-26T10:30:00.709Z] > authorizing via signed-in user (bontop.2018@gmail.com)
[info] 
     ######## #### ########  ######## ########     ###     ######  ########
     ##        ##  ##     ## ##       ##     ##  ##   ##  ##       ##
     ######    ##  ########  ######   ########  #########  ######  ######
     ##        ##  ##    ##  ##       ##     ## ##     ##       ## ##
     ##       #### ##     ## ######## ########  ##     ##  ######  ########

You're about to initialize a Firebase project in this directory:

  C:\Users\faho_\IdeaProjects\test

[info] 
=== Project Setup
[info] 
[info] First, let's associate this project directory with a Firebase project.
[info] You can create multiple project aliases by running firebase use --add, 
[info] but for now we'll just set up a default project.
[info] 
[debug] [2023-01-26T10:31:13.996Z] >>> [apiv2][query] GET https://firebase.googleapis.com/v1beta1/projects pageSize=100
[debug] [2023-01-26T10:31:14.808Z] <<< [apiv2][status] GET https://firebase.googleapis.com/v1beta1/projects 200
[debug] [2023-01-26T10:31:14.809Z] <<< [apiv2][body] GET https://firebase.googleapis.com/v1beta1/projects [omitted]
[info] i  Using project faho-d7d99 (faho) 
[info] 
=== Hosting Setup
[info] 
[info] Your public directory is the folder (relative to your project directory) that
[info] will contain Hosting assets to be uploaded with firebase deploy. If you
[info] have a build process for your assets, use your build's output directory.
[info] 
[debug] [2023-01-26T10:31:40.182Z] >>> [apiv2][query] GET https://www.gstatic.com/firebasejs/releases.json [none]
[debug] [2023-01-26T10:31:40.358Z] <<< [apiv2][status] GET https://www.gstatic.com/firebasejs/releases.json 200
[debug] [2023-01-26T10:31:40.359Z] <<< [apiv2][body] GET https://www.gstatic.com/firebasejs/releases.json {"current":{"version":"9.16.0","browserURL":"https://www.gstatic.com/firebasejs/9.16.0/firebase.js","packageURL":"https://www.gstatic.com/firebasejs/9.16.0/firebase.tgz"},"live":{"version":"9.16","browserURL":"https://www.gstatic.com/firebasejs/live/9.16/firebase.js","packageURL":"https://www.gstatic.com/firebasejs/live/9.16/firebase.tgz"},"components":{"analytics":"https://www.gstatic.com/firebasejs/9.16.0/firebase-analytics.js","app":"https://www.gstatic.com/firebasejs/9.16.0/firebase-app.js","app-check":"https://www.gstatic.com/firebasejs/9.16.0/firebase-app-check.js","auth":"https://www.gstatic.com/firebasejs/9.16.0/firebase-auth.js","auth/cordova":"https://www.gstatic.com/firebasejs/9.16.0/firebase-auth/cordova.js","auth/react-native":"https://www.gstatic.com/firebasejs/9.16.0/firebase-auth/react-native.js","functions":"https://www.gstatic.com/firebasejs/9.16.0/firebase-functions.js","firestore":"https://www.gstatic.com/firebasejs/9.16.0/firebase-firestore.js","firestore/lite":"https://www.gstatic.com/firebasejs/9.16.0/firebase-firestore/lite.js","installations":"https://www.gstatic.com/firebasejs/9.16.0/firebase-installations.js","storage":"https://www.gstatic.com/firebasejs/9.16.0/firebase-storage.js","performance":"https://www.gstatic.com/firebasejs/9.16.0/firebase-performance.js","remote-config":"https://www.gstatic.com/firebasejs/9.16.0/firebase-remote-config.js","messaging":"https://www.gstatic.com/firebasejs/9.16.0/firebase-messaging.js","messaging/sw":"https://www.gstatic.com/firebasejs/9.16.0/firebase-messaging/sw.js","database":"https://www.gstatic.com/firebasejs/9.16.0/firebase-database.js","firestore.memory":"https://www.gstatic.com/firebasejs/9.16.0/firebase-firestore.memory.js"}}
[info] +  Wrote public/index.html 
[info] 
[info] i  Detected a .git folder at C:\Users\faho_ 
[info] i  Authorizing with GitHub to upload your service account to a GitHub repository's secrets store. 
[info] 
[info] Visit this URL on this device to log in:
[info] https://github.com/login/oauth/authorize?client_id=89cf50f02ac6aaed3484&state=148486466&redirect_uri=http%3A%2F%2Flocalhost%3A9005&scope=read%3Auser%20repo%20public_repo
[info] 
[info] Waiting for authentication...
[debug] [2023-01-26T10:31:45.785Z] >>> [apiv2][query] POST https://github.com/login/oauth/access_token [none]
[debug] [2023-01-26T10:31:45.785Z] >>> [apiv2][body] POST https://github.com/login/oauth/access_token [stream]
[debug] [2023-01-26T10:31:46.222Z] <<< [apiv2][status] POST https://github.com/login/oauth/access_token 200
[debug] [2023-01-26T10:31:46.222Z] <<< [apiv2][body] POST https://github.com/login/oauth/access_token {"access_token":"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","token_type":"bearer","scope":"read:user,repo"}
[debug] [2023-01-26T10:31:46.237Z] >>> [apiv2][query] GET https://api.github.com/user [none]
[debug] [2023-01-26T10:31:46.793Z] <<< [apiv2][status] GET https://api.github.com/user 200
[debug] [2023-01-26T10:31:46.794Z] <<< [apiv2][body] GET https://api.github.com/user {"login":"lhoussaine-HSSINI","id":61427735,"node_id":"MDQ6VXNlcjYxNDI3NzM1","avatar_url":"https://avatars.githubusercontent.com/u/61427735?v=4","gravatar_id":"","url":"https://api.github.com/users/lhoussaine-HSSINI","html_url":"https://github.com/lhoussaine-HSSINI","followers_url":"https://api.github.com/users/lhoussaine-HSSINI/followers","following_url":"https://api.github.com/users/lhoussaine-HSSINI/following{/other_user}","gists_url":"https://api.github.com/users/lhoussaine-HSSINI/gists{/gist_id}","starred_url":"https://api.github.com/users/lhoussaine-HSSINI/starred{/owner}{/repo}","subscriptions_url":"https://api.github.com/users/lhoussaine-HSSINI/subscriptions","organizations_url":"https://api.github.com/users/lhoussaine-HSSINI/orgs","repos_url":"https://api.github.com/users/lhoussaine-HSSINI/repos","events_url":"https://api.github.com/users/lhoussaine-HSSINI/events{/privacy}","received_events_url":"https://api.github.com/users/lhoussaine-HSSINI/received_events","type":"User","site_admin":false,"name":"lhoussaine HSSINI","company":null,"blog":"","location":null,"email":null,"hireable":null,"bio":null,"twitter_username":null,"public_repos":61,"public_gists":0,"followers":1,"following":6,"created_at":"2020-02-24T17:26:51Z","updated_at":"2023-01-23T22:02:03Z","private_gists":0,"total_private_repos":15,"owned_private_repos":15,"disk_usage":475299,"collaborators":0,"two_factor_authentication":false,"plan":{"name":"pro","space":976562499,"collaborators":0,"private_repos":9999}}
[info] 
[info] +  Success! Logged into GitHub as lhoussaine-HSSINI 
[info] 
[debug] [2023-01-26T10:32:00.791Z] >>> [apiv2][query] GET https://api.github.com/repos//actions/secrets/public-key type=owner
[debug] [2023-01-26T10:32:02.157Z] <<< [apiv2][status] GET https://api.github.com/repos//actions/secrets/public-key 404
[debug] [2023-01-26T10:32:02.157Z] <<< [apiv2][body] GET https://api.github.com/repos//actions/secrets/public-key {"message":"Not Found","documentation_url":"https://docs.github.com/rest"}
